<?xml version="1.0" encoding="UTF-8"?>
<!-- Generated by org.testng.reporters.JUnitXMLReporter -->
<testsuite hostname="sagarw-VAIO" name="Validating Product inventory list filters test" tests="4" failures="0" timestamp="30 Jan 2021 14:25:29 GMT" time="103.506" errors="0">
  <testcase name="testTotalItemsFoundWithItemsInPaginationFilter" time="1.905" classname="ssda_test.customer.TC03_CustProductListFiltersValidationTest"/>
  <testcase name="testCategoryFilters" time="1.964" classname="ssda_test.customer.TC03_CustProductListFiltersValidationTest"/>
  <testcase name="testGroupFilters" time="0.994" classname="ssda_test.customer.TC03_CustProductListFiltersValidationTest"/>
  <testcase name="testClearAllFilters" time="1.567" classname="ssda_test.customer.TC03_CustProductListFiltersValidationTest"/>
</testsuite> <!-- Validating Product inventory list filters test -->
