<?xml version="1.0" encoding="UTF-8"?>
<!-- Generated by org.testng.reporters.JUnitXMLReporter -->
<testsuite hostname="sagarw-VAIO" name="Validating Login page test" tests="5" failures="0" timestamp="30 Jan 2021 14:22:17 GMT" time="86.745" errors="0">
  <testcase name="testWithMobileNumberLessThanTenDigits" time="61.09" classname="ssda_test.customer.TC01_CustLoginTest"/>
  <testcase name="testWithMobileNumberMoreThanTenDigits" time="2.48" classname="ssda_test.customer.TC01_CustLoginTest"/>
  <testcase name="testWithMobileNumberContainsAlphabets" time="2.01" classname="ssda_test.customer.TC01_CustLoginTest"/>
  <testcase name="testCustomerLoginWithInvalidCredentials" time="8.996" classname="ssda_test.customer.TC01_CustLoginTest"/>
  <testcase name="testCustomerLoginWithValidCredentials" time="7.48" classname="ssda_test.customer.TC01_CustLoginTest"/>
</testsuite> <!-- Validating Login page test -->
