<?xml version="1.0" encoding="UTF-8"?>
<!-- Generated by org.testng.reporters.JUnitXMLReporter -->
<testsuite hostname="sagarw-VAIO" name="Validating select timeslot test" tests="3" failures="0" timestamp="30 Jan 2021 14:27:10 GMT" time="43.623" errors="0">
  <testcase name="testAddToCartClickCheckoutButton" time="18.599" classname="ssda_test.customer.TC05_CustSelectTimeslotTest"/>
  <testcase name="testDontSelectTimeslotClickSubmit" time="4.767" classname="ssda_test.customer.TC05_CustSelectTimeslotTest"/>
  <testcase name="testSelectTimeslotForDeliveryClickCancel" time="5.909" classname="ssda_test.customer.TC05_CustSelectTimeslotTest"/>
</testsuite> <!-- Validating select timeslot test -->
