<?xml version="1.0" encoding="UTF-8"?>
<!-- Generated by org.testng.reporters.JUnitXMLReporter -->
<testsuite hostname="sagarw-VAIO" name="Validating Product inventory list in table test" tests="6" failures="0" timestamp="30 Jan 2021 14:23:46 GMT" time="88.252" errors="0">
  <testcase name="testCheckoutButtonWithEmptyCart" time="12.678" classname="ssda_test.customer.TC02_CustProductListTableValidationTest"/>
  <testcase name="testDefaultSelectedQuantityofProduct" time="0.285" classname="ssda_test.customer.TC02_CustProductListTableValidationTest"/>
  <testcase name="testItemsDisplayedPerPage" time="10.809" classname="ssda_test.customer.TC02_CustProductListTableValidationTest"/>
  <testcase name="testAddtoCartButtonDisplayedAsPerInventory" time="3.149" classname="ssda_test.customer.TC02_CustProductListTableValidationTest"/>
  <testcase name="testQuantityDropdownForOnlyOnePerOrderProduct" time="1.004" classname="ssda_test.customer.TC02_CustProductListTableValidationTest"/>
  <testcase name="testSearchProductFunctionality" time="9.996" classname="ssda_test.customer.TC02_CustProductListTableValidationTest"/>
</testsuite> <!-- Validating Product inventory list in table test -->
