<?xml version="1.0" encoding="UTF-8"?>
<!-- Generated by org.testng.reporters.JUnitXMLReporter -->
<testsuite hostname="sagarw-VAIO" name="Validating Customer order list search filters test" tests="5" failures="0" timestamp="30 Jan 2021 14:29:36 GMT" time="59.016" errors="0">
  <testcase name="testCustomerOrdersDisplayedonOrderListPage" time="28.168" classname="ssda_test.customer.TC07_CustOrderListFiltersValidationTest"/>
  <testcase name="testOrdersDisplayedPerPageFilter" time="0.851" classname="ssda_test.customer.TC07_CustOrderListFiltersValidationTest"/>
  <testcase name="testSearchByOrderStatusFilter" time="8.705" classname="ssda_test.customer.TC07_CustOrderListFiltersValidationTest"/>
  <testcase name="testSearchByOrderNumberFilter" time="0.8" classname="ssda_test.customer.TC07_CustOrderListFiltersValidationTest"/>
  <testcase name="testSearchByDeliveryDateFilter" time="0.65" classname="ssda_test.customer.TC07_CustOrderListFiltersValidationTest"/>
</testsuite> <!-- Validating Customer order list search filters test -->
