<?xml version="1.0" encoding="UTF-8"?>
<!-- Generated by org.testng.reporters.JUnitXMLReporter -->
<testsuite hostname="sagarw-VAIO" name="Validating place order and verify order details test" tests="4" failures="0" timestamp="24 Jan 2021 12:13:16 GMT" time="88.461" errors="0">
  <testcase name="testSelectTimeslotForDeliveryClickSubmit" time="43.141" classname="ssda_test.customer.TC06_CustPlaceOrderVerifyOrderDetailsTest"/>
  <testcase name="testCustomerOrderDisplayedonOrderListPage" time="17.814" classname="ssda_test.customer.TC06_CustPlaceOrderVerifyOrderDetailsTest"/>
  <testcase name="testOrderDetailsonOrderListPage" time="0.07" classname="ssda_test.customer.TC06_CustPlaceOrderVerifyOrderDetailsTest"/>
  <testcase name="testOrderDetailsinOrderDetailsWindow" time="3.079" classname="ssda_test.customer.TC06_CustPlaceOrderVerifyOrderDetailsTest"/>
</testsuite> <!-- Validating place order and verify order details test -->
