<?xml version="1.0" encoding="UTF-8"?>
<!-- Generated by org.testng.reporters.JUnitXMLReporter -->
<testsuite hostname="sagarw-VAIO" name="Validating Customer order list search filters test" tests="4" failures="0" timestamp="24 Jan 2021 12:14:07 GMT" time="51.359" errors="0">
  <testcase name="testCustomerOrdersDisplayedonOrderListPage" time="25.754" classname="ssda_test.customer.TC07_CustOrderListFiltersValidationTest"/>
  <testcase name="testOrdersDisplayedPerPageFilter" time="0.614" classname="ssda_test.customer.TC07_CustOrderListFiltersValidationTest"/>
  <testcase name="testSearchByOrderStatusFilter" time="7.564" classname="ssda_test.customer.TC07_CustOrderListFiltersValidationTest"/>
  <testcase name="testSearchByOrderNumberFilter" time="0.535" classname="ssda_test.customer.TC07_CustOrderListFiltersValidationTest"/>
</testsuite> <!-- Validating Customer order list search filters test -->
