<?xml version="1.0" encoding="UTF-8"?>
<!-- Generated by org.testng.reporters.JUnitXMLReporter -->
<testsuite hostname="sagarw-VAIO" name="Validating Product inventory list filters test" tests="4" failures="0" timestamp="24 Jan 2021 12:09:13 GMT" time="68.962" errors="0">
  <testcase name="testTotalItemsFoundMatcheswithItemsInPaginationFilter" time="13.425" classname="ssda_test.customer.TC03_CustProductListFiltersValidationTest"/>
  <testcase name="testCategoryFilters" time="7.145" classname="ssda_test.customer.TC03_CustProductListFiltersValidationTest"/>
  <testcase name="testGroupFilters" time="1.655" classname="ssda_test.customer.TC03_CustProductListFiltersValidationTest"/>
  <testcase name="testClearAllFilters" time="4.353" classname="ssda_test.customer.TC03_CustProductListFiltersValidationTest"/>
</testsuite> <!-- Validating Product inventory list filters test -->
