<?xml version="1.0" encoding="UTF-8"?>
<!-- Generated by org.testng.reporters.JUnitXMLReporter -->
<testsuite hostname="sagarw-VAIO" name="Validating Login page test" tests="5" failures="0" timestamp="24 Jan 2021 12:06:36 GMT" time="71.029" errors="0">
  <testcase name="testWithMobileNumberLessThanTenDigits" time="30.18" classname="ssda_test.customer.TC01_CustLoginTest"/>
  <testcase name="testWithMobileNumberMoreThanTenDigits" time="1.52" classname="ssda_test.customer.TC01_CustLoginTest"/>
  <testcase name="testWithMobileNumberContainsAlphabets" time="3.058" classname="ssda_test.customer.TC01_CustLoginTest"/>
  <testcase name="testCustomerLoginWithInvalidCredentials" time="2.635" classname="ssda_test.customer.TC01_CustLoginTest"/>
  <testcase name="testCustomerLoginWithValidCredentials" time="5.012" classname="ssda_test.customer.TC01_CustLoginTest"/>
</testsuite> <!-- Validating Login page test -->
