<?xml version="1.0" encoding="UTF-8"?>
<!-- Generated by org.testng.reporters.JUnitXMLReporter -->
<testsuite hostname="sagarw-VAIO" name="Validating Add to cart Test" tests="7" failures="0" timestamp="15 Jan 2021 07:26:21 GMT" time="81.728" errors="0">
  <testcase name="testCheckoutButtonWithEmptyCart" time="6.337" classname="ssda_test.customer.TC02_CustAddtoCartTest"/>
  <testcase name="testAddToCartButtonVisibility" time="8.388" classname="ssda_test.customer.TC02_CustAddtoCartTest"/>
  <testcase name="testAddToCartFeature" time="6.786" classname="ssda_test.customer.TC02_CustAddtoCartTest"/>
  <testcase name="testProductDetailsInCart" time="0.17" classname="ssda_test.customer.TC02_CustAddtoCartTest"/>
  <testcase name="testTotalAmountPayable" time="0.047" classname="ssda_test.customer.TC02_CustAddtoCartTest"/>
  <testcase name="testDeleteItemFromCart" time="5.771" classname="ssda_test.customer.TC02_CustAddtoCartTest"/>
  <testcase name="testSearchItems" time="1.668" classname="ssda_test.customer.TC02_CustAddtoCartTest"/>
</testsuite> <!-- Validating Add to cart Test -->
