<?xml version="1.0" encoding="UTF-8"?>
<!-- Generated by org.testng.reporters.JUnitXMLReporter -->
<testsuite hostname="sagarw-VAIO" name="Validating Customer order details test" tests="3" failures="0" timestamp="18 Jan 2021 13:10:12 GMT" time="67.211" errors="0">
  <testcase name="testCustomerOrderDisplayedonOrderListPage" time="42.225" classname="ssda_test.customer.TC06_CustOrderDetailsTest"/>
  <testcase name="testOrderDetailsonOrderListPage" time="0.083" classname="ssda_test.customer.TC06_CustOrderDetailsTest"/>
  <testcase name="testOrderDetailsinOrderDetailsWindow" time="1.782" classname="ssda_test.customer.TC06_CustOrderDetailsTest"/>
</testsuite> <!-- Validating Customer order details test -->
