<?xml version="1.0" encoding="UTF-8"?>
<!-- Generated by org.testng.reporters.JUnitXMLReporter -->
<testsuite hostname="sagarw-VAIO" name="Validating Login Test" tests="5" failures="0" timestamp="11 Jan 2021 10:30:28 GMT" time="27.054" errors="0">
  <testcase name="testWithMobileNumberLessThanTenDigits" time="14.213" classname="ssda_test.customer.TC01_CustLoginTest"/>
  <testcase name="testWithMobileNumberMoreThanTenDigits" time="1.36" classname="ssda_test.customer.TC01_CustLoginTest"/>
  <testcase name="testWithMobileNumberContainsAlphabets" time="1.603" classname="ssda_test.customer.TC01_CustLoginTest"/>
  <testcase name="testCustomerLoginWithInvalidCredentials" time="1.902" classname="ssda_test.customer.TC01_CustLoginTest"/>
  <testcase name="testCustomerLoginWithValidCredentials" time="2.293" classname="ssda_test.customer.TC01_CustLoginTest"/>
</testsuite> <!-- Validating Login Test -->
