<?xml version="1.0" encoding="UTF-8"?>
<!-- Generated by org.testng.reporters.JUnitXMLReporter -->
<testsuite hostname="sagarw-VAIO" name="Validating Add Product to cart test" tests="5" failures="0" timestamp="24 Jan 2021 12:10:41 GMT" time="87.752" errors="0">
  <testcase name="testAddToCartFeature" time="7.818" classname="ssda_test.customer.TC04_CustAddtoCartTest"/>
  <testcase name="testProductDetailsAddedInCart" time="0.14" classname="ssda_test.customer.TC04_CustAddtoCartTest"/>
  <testcase name="testTotalAmountPayable" time="0.049" classname="ssda_test.customer.TC04_CustAddtoCartTest"/>
  <testcase name="testAddProductWithSameQuantity" time="5.892" classname="ssda_test.customer.TC04_CustAddtoCartTest"/>
  <testcase name="testDeleteItemFromCart" time="5.691" classname="ssda_test.customer.TC04_CustAddtoCartTest"/>
</testsuite> <!-- Validating Add Product to cart test -->
