<?xml version="1.0" encoding="UTF-8"?>
<!-- Generated by org.testng.reporters.JUnitXMLReporter -->
<testsuite hostname="sagarw-VAIO" name="Validating Customer Home page Test" tests="3" failures="0" timestamp="3 Jan 2021 14:45:59 GMT" time="29.192" errors="0">
  <testcase name="testCheckoutButtonWithEmptyCart" time="3.143" classname="ssda_test.CustHomePageTest"/>
  <testcase name="testAddToCart" time="12.267" classname="ssda_test.CustHomePageTest"/>
  <testcase name="testCartItems" time="0.14" classname="ssda_test.CustHomePageTest"/>
</testsuite> <!-- Validating Customer Home page Test -->
