<?xml version="1.0" encoding="UTF-8"?>
<!-- Generated by org.testng.reporters.JUnitXMLReporter -->
<testsuite hostname="sagarw-VAIO" name="Validating select timeslot place order test" tests="4" failures="0" timestamp="18 Jan 2021 13:09:04 GMT" time="52.257" errors="0">
  <testcase name="testAddToCartClickCheckoutButton" time="16.576" classname="ssda_test.customer.TC05_CustSelectTimeslotPlaceOrderTest"/>
  <testcase name="testDontSelectTimeslotClickSubmit" time="2.084" classname="ssda_test.customer.TC05_CustSelectTimeslotPlaceOrderTest"/>
  <testcase name="testSelectTimeslotForDeliveryClickCancel" time="5.827" classname="ssda_test.customer.TC05_CustSelectTimeslotPlaceOrderTest"/>
  <testcase name="testSelectTimeslotForDeliveryClickSubmit" time="10.167" classname="ssda_test.customer.TC05_CustSelectTimeslotPlaceOrderTest"/>
</testsuite> <!-- Validating select timeslot place order test -->
