<?xml version="1.0" encoding="UTF-8"?>
<!-- Generated by org.testng.reporters.JUnitXMLReporter -->
<testsuite hostname="sagarw-VAIO" name="Validating Customer order list search filters test" tests="4" failures="0" timestamp="21 Jan 2021 06:41:18 GMT" time="56.403" errors="0">
  <testcase name="testCustomerOrdersDisplayedonOrderListPage" time="27.13" classname="ssda_test.customer.TC07_CustOrderListFiltersValidationTest"/>
  <testcase name="testOrdersDisplayedPerPageFilter" time="0.74" classname="ssda_test.customer.TC07_CustOrderListFiltersValidationTest"/>
  <testcase name="testSearchByOrderStatusFilter" time="8.45" classname="ssda_test.customer.TC07_CustOrderListFiltersValidationTest"/>
  <testcase name="testSearchByOrderNumberFilter" time="0.671" classname="ssda_test.customer.TC07_CustOrderListFiltersValidationTest"/>
</testsuite> <!-- Validating Customer order list search filters test -->
