<?xml version="1.0" encoding="UTF-8"?>
<!-- Generated by org.testng.reporters.JUnitXMLReporter -->
<testsuite hostname="sagarw-VAIO" name="Validating select timeslot test" tests="3" failures="0" timestamp="21 Jan 2021 06:39:19 GMT" time="53.823" errors="0">
  <testcase name="testAddToCartClickCheckoutButton" time="13.289" classname="ssda_test.customer.TC05_CustSelectTimeslotTest"/>
  <testcase name="testDontSelectTimeslotClickSubmit" time="11.2" classname="ssda_test.customer.TC05_CustSelectTimeslotTest"/>
  <testcase name="testSelectTimeslotForDeliveryClickCancel" time="5.964" classname="ssda_test.customer.TC05_CustSelectTimeslotTest"/>
</testsuite> <!-- Validating select timeslot test -->
