<?xml version="1.0" encoding="UTF-8"?>
<!-- Generated by org.testng.reporters.JUnitXMLReporter -->
<testsuite hostname="sagarw-VAIO" name="Validating Login page test" tests="5" failures="0" timestamp="21 Jan 2021 06:35:38 GMT" time="130.022" errors="0">
  <testcase name="testWithMobileNumberLessThanTenDigits" time="23.543" classname="ssda_test.customer.TC01_CustLoginTest"/>
  <testcase name="testWithMobileNumberMoreThanTenDigits" time="19.284" classname="ssda_test.customer.TC01_CustLoginTest"/>
  <testcase name="testWithMobileNumberContainsAlphabets" time="3.292" classname="ssda_test.customer.TC01_CustLoginTest"/>
  <testcase name="testCustomerLoginWithInvalidCredentials" time="10.02" classname="ssda_test.customer.TC01_CustLoginTest"/>
  <testcase name="testCustomerLoginWithValidCredentials" time="18.385" classname="ssda_test.customer.TC01_CustLoginTest"/>
</testsuite> <!-- Validating Login page test -->
