<?xml version="1.0" encoding="UTF-8"?>
<!-- Generated by org.testng.reporters.JUnitXMLReporter -->
<testsuite hostname="sagarw-VAIO" name="Validating Product inventory list filters test" tests="4" failures="0" timestamp="21 Jan 2021 06:37:42 GMT" time="52.069" errors="0">
  <testcase name="testTotalItemsFoundMatcheswithItemsInPaginationFilter" time="12.115" classname="ssda_test.customer.TC03_CustProductListFiltersValidationTest"/>
  <testcase name="testCategoryFilters" time="10.065" classname="ssda_test.customer.TC03_CustProductListFiltersValidationTest"/>
  <testcase name="testGroupFilters" time="1.794" classname="ssda_test.customer.TC03_CustProductListFiltersValidationTest"/>
  <testcase name="testClearAllFilters" time="2.433" classname="ssda_test.customer.TC03_CustProductListFiltersValidationTest"/>
</testsuite> <!-- Validating Product inventory list filters test -->
