<?xml version="1.0" encoding="UTF-8"?>
<!-- Generated by org.testng.reporters.JUnitXMLReporter -->
<testsuite hostname="sagarw-VAIO" name="Validating Product inventory list in table test" tests="6" failures="0" timestamp="21 Jan 2021 06:36:49 GMT" time="64.583" errors="0">
  <testcase name="testCheckoutButtonWithEmptyCart" time="14.645" classname="ssda_test.customer.TC02_CustProductListTableValidationTest"/>
  <testcase name="testDefaultSelectedQuantityofProduct" time="0.438" classname="ssda_test.customer.TC02_CustProductListTableValidationTest"/>
  <testcase name="testItemsDisplayedPerPage" time="5.958" classname="ssda_test.customer.TC02_CustProductListTableValidationTest"/>
  <testcase name="testAddtoCartButtonDisplayedAsPerInventory" time="2.743" classname="ssda_test.customer.TC02_CustProductListTableValidationTest"/>
  <testcase name="testQuantityDropdownForOnlyOnePerOrderProduct" time="0.925" classname="ssda_test.customer.TC02_CustProductListTableValidationTest"/>
  <testcase name="testSearchProductFunctionality" time="5.535" classname="ssda_test.customer.TC02_CustProductListTableValidationTest"/>
</testsuite> <!-- Validating Product inventory list in table test -->
