<?xml version="1.0" encoding="UTF-8"?>
<!-- Generated by org.testng.reporters.JUnitXMLReporter -->
<testsuite hostname="sagarw-VAIO" name="Validating Login Test" tests="2" failures="0" timestamp="4 Jan 2021 06:29:08 GMT" time="59.219" errors="0">
  <testcase name="testCustomerLoginWithInvalidCredentials" time="16.918" classname="ssda_test.LoginPageTest"/>
  <testcase name="testCustomerLoginWithValidCredentials" time="8.293" classname="ssda_test.LoginPageTest"/>
</testsuite> <!-- Validating Login Test -->
