<?xml version="1.0" encoding="UTF-8"?>
<!-- Generated by org.testng.reporters.JUnitXMLReporter -->
<testsuite hostname="sagarw-VAIO" name="Validating Customer Home page Test" tests="3" failures="0" timestamp="4 Jan 2021 06:29:49 GMT" time="39.099" errors="0">
  <testcase name="testCheckoutButtonWithEmptyCart" time="8.348" classname="ssda_test.CustHomePageTest"/>
  <testcase name="testAddToCart" time="15.929" classname="ssda_test.CustHomePageTest"/>
  <testcase name="testCartItems" time="0.176" classname="ssda_test.CustHomePageTest"/>
</testsuite> <!-- Validating Customer Home page Test -->
