<?xml version="1.0" encoding="UTF-8"?>
<testng-results skipped="0" failed="0" total="2" passed="2">
  <reporter-output>
  </reporter-output>
  <suite name="Suite" duration-ms="132590" started-at="2020-12-27T10:25:23Z" finished-at="2020-12-27T10:27:36Z">
    <groups>
    </groups>
    <test name="Validating Login Test" duration-ms="61685" started-at="2020-12-27T10:25:23Z" finished-at="2020-12-27T10:26:25Z">
      <class name="ssda_test.LoginPageTest">
        <test-method status="PASS" signature="initialize()[pri:0, instance:ssda_test.LoginPageTest@22e357dc]" name="initialize" is-config="true" duration-ms="4379" started-at="2020-12-27T15:55:23Z" finished-at="2020-12-27T15:55:27Z">
          <reporter-output>
          </reporter-output>
        </test-method> <!-- initialize -->
        <test-method status="PASS" signature="basePageNavigation()[pri:0, instance:ssda_test.LoginPageTest@22e357dc]" name="basePageNavigation" duration-ms="57167" started-at="2020-12-27T15:55:27Z" finished-at="2020-12-27T15:56:25Z">
          <reporter-output>
          </reporter-output>
        </test-method> <!-- basePageNavigation -->
        <test-method status="PASS" signature="teardown()[pri:0, instance:ssda_test.LoginPageTest@22e357dc]" name="teardown" is-config="true" duration-ms="127" started-at="2020-12-27T15:56:25Z" finished-at="2020-12-27T15:56:25Z">
          <reporter-output>
          </reporter-output>
        </test-method> <!-- teardown -->
      </class> <!-- ssda_test.LoginPageTest -->
    </test> <!-- Validating Login Test -->
    <test name="Validating Home page Test" duration-ms="70887" started-at="2020-12-27T10:26:25Z" finished-at="2020-12-27T10:27:36Z">
      <class name="ssda_test.ValidateHomePage">
        <test-method status="PASS" signature="initialize()[pri:0, instance:ssda_test.ValidateHomePage@4bb33f74]" name="initialize" is-config="true" duration-ms="3465" started-at="2020-12-27T15:56:25Z" finished-at="2020-12-27T15:56:28Z">
          <reporter-output>
          </reporter-output>
        </test-method> <!-- initialize -->
        <test-method status="PASS" signature="basePageNavigation()[pri:0, instance:ssda_test.ValidateHomePage@4bb33f74]" name="basePageNavigation" duration-ms="66872" started-at="2020-12-27T15:56:28Z" finished-at="2020-12-27T15:57:35Z">
          <reporter-output>
          </reporter-output>
        </test-method> <!-- basePageNavigation -->
        <test-method status="PASS" signature="teardown()[pri:0, instance:ssda_test.ValidateHomePage@4bb33f74]" name="teardown" is-config="true" duration-ms="549" started-at="2020-12-27T15:57:35Z" finished-at="2020-12-27T15:57:36Z">
          <reporter-output>
          </reporter-output>
        </test-method> <!-- teardown -->
      </class> <!-- ssda_test.ValidateHomePage -->
    </test> <!-- Validating Home page Test -->
  </suite> <!-- Suite -->
</testng-results>
