<?xml version="1.0" encoding="UTF-8"?>
<!-- Generated by org.testng.reporters.JUnitXMLReporter -->
<testsuite hostname="sagarw-VAIO" name="Validating Add Product to cart test" tests="5" failures="0" timestamp="30 Jan 2021 08:34:12 GMT" time="66.307" errors="0">
  <testcase name="testAddToCartFeature" time="26.708" classname="ssda_test.customer.TC04_CustAddtoCartTest"/>
  <testcase name="testProductDetailsAddedInCart" time="0.158" classname="ssda_test.customer.TC04_CustAddtoCartTest"/>
  <testcase name="testTotalAmountPayable" time="0.045" classname="ssda_test.customer.TC04_CustAddtoCartTest"/>
  <testcase name="testAddProductWithSameQuantity" time="5.863" classname="ssda_test.customer.TC04_CustAddtoCartTest"/>
  <testcase name="testDeleteItemFromCart" time="5.636" classname="ssda_test.customer.TC04_CustAddtoCartTest"/>
</testsuite> <!-- Validating Add Product to cart test -->
