<?xml version="1.0" encoding="UTF-8"?>
<!-- Generated by org.testng.reporters.JUnitXMLReporter -->
<testsuite hostname="sagarw-VAIO" name="Validating Product inventory list filters test" tests="4" failures="0" timestamp="26 Jan 2021 14:03:45 GMT" time="95.75" errors="0">
  <testcase name="testTotalItemsFoundMatcheswithItemsInPaginationFilter" time="14.179" classname="ssda_test.customer.TC03_CustProductListFiltersValidationTest"/>
  <testcase name="testCategoryFilters" time="4.896" classname="ssda_test.customer.TC03_CustProductListFiltersValidationTest"/>
  <testcase name="testGroupFilters" time="5.874" classname="ssda_test.customer.TC03_CustProductListFiltersValidationTest"/>
  <testcase name="testClearAllFilters" time="3.869" classname="ssda_test.customer.TC03_CustProductListFiltersValidationTest"/>
</testsuite> <!-- Validating Product inventory list filters test -->
