<?xml version="1.0" encoding="UTF-8"?>
<!-- Generated by org.testng.reporters.JUnitXMLReporter -->
<testsuite hostname="sagarw-VAIO" name="Validating Product inventory list in table test" tests="6" failures="0" timestamp="26 Jan 2021 14:02:09 GMT" time="118.919" errors="0">
  <testcase name="testCheckoutButtonWithEmptyCart" time="21.11" classname="ssda_test.customer.TC02_CustProductListTableValidationTest"/>
  <testcase name="testDefaultSelectedQuantityofProduct" time="0.328" classname="ssda_test.customer.TC02_CustProductListTableValidationTest"/>
  <testcase name="testItemsDisplayedPerPage" time="18.946" classname="ssda_test.customer.TC02_CustProductListTableValidationTest"/>
  <testcase name="testAddtoCartButtonDisplayedAsPerInventory" time="2.844" classname="ssda_test.customer.TC02_CustProductListTableValidationTest"/>
  <testcase name="testQuantityDropdownForOnlyOnePerOrderProduct" time="1.118" classname="ssda_test.customer.TC02_CustProductListTableValidationTest"/>
  <testcase name="testSearchProductFunctionality" time="12.081" classname="ssda_test.customer.TC02_CustProductListTableValidationTest"/>
</testsuite> <!-- Validating Product inventory list in table test -->
