<?xml version="1.0" encoding="UTF-8"?>
<!-- Generated by org.testng.reporters.JUnitXMLReporter -->
<testsuite hostname="sagarw-VAIO" name="Validating Customer order list search filters test" tests="5" failures="0" timestamp="30 Jan 2021 08:37:58 GMT" time="67.222" errors="0">
  <testcase name="testCustomerOrdersDisplayedonOrderListPage" time="31.29" classname="ssda_test.customer.TC07_CustOrderListFiltersValidationTest"/>
  <testcase name="testOrdersDisplayedPerPageFilter" time="0.659" classname="ssda_test.customer.TC07_CustOrderListFiltersValidationTest"/>
  <testcase name="testSearchByOrderStatusFilter" time="7.805" classname="ssda_test.customer.TC07_CustOrderListFiltersValidationTest"/>
  <testcase name="testSearchByOrderNumberFilter" time="0.544" classname="ssda_test.customer.TC07_CustOrderListFiltersValidationTest"/>
  <testcase name="testSearchByDeliveryDateFilter" time="1.364" classname="ssda_test.customer.TC07_CustOrderListFiltersValidationTest"/>
</testsuite> <!-- Validating Customer order list search filters test -->
