<?xml version="1.0" encoding="UTF-8"?>
<!-- Generated by org.testng.reporters.JUnitXMLReporter -->
<testsuite hostname="sagarw-VAIO" name="Validating Product inventory list filters test" tests="4" failures="0" timestamp="30 Jan 2021 08:33:06 GMT" time="57.36" errors="0">
  <testcase name="testTotalItemsFoundWithItemsInPaginationFilter" time="17.414" classname="ssda_test.customer.TC03_CustProductListFiltersValidationTest"/>
  <testcase name="testCategoryFilters" time="5.959" classname="ssda_test.customer.TC03_CustProductListFiltersValidationTest"/>
  <testcase name="testGroupFilters" time="5.242" classname="ssda_test.customer.TC03_CustProductListFiltersValidationTest"/>
  <testcase name="testClearAllFilters" time="9.123" classname="ssda_test.customer.TC03_CustProductListFiltersValidationTest"/>
</testsuite> <!-- Validating Product inventory list filters test -->
