<?xml version="1.0" encoding="UTF-8"?>
<!-- Generated by org.testng.reporters.JUnitXMLReporter -->
<testsuite hostname="sagarw-VAIO" name="Validating select timeslot test" tests="3" failures="0" timestamp="30 Jan 2021 08:35:16 GMT" time="63.379" errors="0">
  <testcase name="testAddToCartClickCheckoutButton" time="20.106" classname="ssda_test.customer.TC05_CustSelectTimeslotTest"/>
  <testcase name="testDontSelectTimeslotClickSubmit" time="9.474" classname="ssda_test.customer.TC05_CustSelectTimeslotTest"/>
  <testcase name="testSelectTimeslotForDeliveryClickCancel" time="5.9" classname="ssda_test.customer.TC05_CustSelectTimeslotTest"/>
</testsuite> <!-- Validating select timeslot test -->
