<?xml version="1.0" encoding="UTF-8"?>
<!-- Generated by org.testng.reporters.JUnitXMLReporter -->
<testsuite hostname="sagarw-VAIO" name="Validating place order and verify order details test" tests="4" failures="0" timestamp="26 Jan 2021 14:09:01 GMT" time="134.56" errors="0">
  <testcase name="testSelectTimeslotForDeliveryClickSubmit" time="41.177" classname="ssda_test.customer.TC06_CustPlaceOrderVerifyOrderDetailsTest"/>
  <testcase name="testCustomerOrderDisplayedonOrderListPage" time="19.428" classname="ssda_test.customer.TC06_CustPlaceOrderVerifyOrderDetailsTest"/>
  <testcase name="testOrderDetailsonOrderListPage" time="0.064" classname="ssda_test.customer.TC06_CustPlaceOrderVerifyOrderDetailsTest"/>
  <testcase name="testOrderDetailsinOrderDetailsWindow" time="4.435" classname="ssda_test.customer.TC06_CustPlaceOrderVerifyOrderDetailsTest"/>
</testsuite> <!-- Validating place order and verify order details test -->
