<?xml version="1.0" encoding="UTF-8"?>
<!-- Generated by org.testng.reporters.JUnitXMLReporter -->
<testsuite hostname="sagarw-VAIO" name="Validating Customer order list search filters test" tests="4" failures="0" timestamp="26 Jan 2021 14:11:13 GMT" time="131.63" errors="0">
  <testcase name="testCustomerOrdersDisplayedonOrderListPage" time="32.54" classname="ssda_test.customer.TC07_CustOrderListFiltersValidationTest"/>
  <testcase name="testOrdersDisplayedPerPageFilter" time="0.666" classname="ssda_test.customer.TC07_CustOrderListFiltersValidationTest"/>
  <testcase name="testSearchByOrderStatusFilter" time="7.492" classname="ssda_test.customer.TC07_CustOrderListFiltersValidationTest"/>
  <testcase name="testSearchByOrderNumberFilter" time="0.5" classname="ssda_test.customer.TC07_CustOrderListFiltersValidationTest"/>
</testsuite> <!-- Validating Customer order list search filters test -->
