<?xml version="1.0" encoding="UTF-8"?>
<!-- Generated by org.testng.reporters.JUnitXMLReporter -->
<testsuite hostname="sagarw-VAIO" name="Validating place order and verify order details test" tests="4" failures="0" timestamp="30 Jan 2021 08:36:51 GMT" time="94.839" errors="0">
  <testcase name="testSelectTimeslotForDeliveryClickSubmit" time="52.357" classname="ssda_test.customer.TC06_CustPlaceOrderVerifyOrderDetailsTest"/>
  <testcase name="testCustomerOrderDisplayedonOrderListPage" time="14.679" classname="ssda_test.customer.TC06_CustPlaceOrderVerifyOrderDetailsTest"/>
  <testcase name="testOrderDetailsonOrderListPage" time="0.143" classname="ssda_test.customer.TC06_CustPlaceOrderVerifyOrderDetailsTest"/>
  <testcase name="testOrderDetailsinOrderDetailsWindow" time="5.494" classname="ssda_test.customer.TC06_CustPlaceOrderVerifyOrderDetailsTest"/>
</testsuite> <!-- Validating place order and verify order details test -->
